2020-03-25 15:30:09 -Adding PropertySource 'servletConfigInitParams' with lowest search precedence
2020-03-25 15:30:09 -Adding PropertySource 'servletContextInitParams' with lowest search precedence
2020-03-25 15:30:09 -Adding PropertySource 'systemProperties' with lowest search precedence
2020-03-25 15:30:09 -Adding PropertySource 'systemEnvironment' with lowest search precedence
2020-03-25 15:30:09 -Initialized StandardServletEnvironment with PropertySources [StubPropertySource {name='servletConfigInitParams'}, StubPropertySource {name='servletContextInitParams'}, MapPropertySource {name='systemProperties'}, SystemEnvironmentPropertySource {name='systemEnvironment'}]
2020-03-25 15:30:10 -Starting VlandServerApplication on DESKTOP-PB4B54N with PID 8140 (G:\SourceDocument\GPTracingServer\build\classes\java\main started by admin in G:\SourceDocument\GPTracingServer)
2020-03-25 15:30:10 -No active profile set, falling back to default profiles: default
2020-03-25 15:30:33 -Adding PropertySource 'applicationConfig: [classpath:/application.properties]' with search precedence immediately lower than 'applicationConfigurationProperties'
2020-03-25 15:30:33 -Removing PropertySource 'applicationConfigurationProperties'
2020-03-25 15:30:33 -Removing PropertySource 'defaultProperties'
2020-03-25 15:30:38 -Published root WebApplicationContext as ServletContext attribute with name [org.springframework.web.context.WebApplicationContext.ROOT]
2020-03-25 15:30:38 -Root WebApplicationContext: initialization completed in 26250 ms
2020-03-25 15:30:40 -Replacing PropertySource 'servletContextInitParams' with 'servletContextInitParams'
2020-03-25 15:34:51 -Adding PropertySource 'servletConfigInitParams' with lowest search precedence
2020-03-25 15:34:51 -Adding PropertySource 'servletContextInitParams' with lowest search precedence
2020-03-25 15:34:51 -Adding PropertySource 'systemProperties' with lowest search precedence
2020-03-25 15:34:51 -Adding PropertySource 'systemEnvironment' with lowest search precedence
2020-03-25 15:34:51 -Initialized StandardServletEnvironment with PropertySources [StubPropertySource {name='servletConfigInitParams'}, StubPropertySource {name='servletContextInitParams'}, MapPropertySource {name='systemProperties'}, SystemEnvironmentPropertySource {name='systemEnvironment'}]
2020-03-25 15:34:52 -Starting VlandServerApplication on DESKTOP-PB4B54N with PID 16324 (G:\SourceDocument\GPTracingServer\build\classes\java\main started by admin in G:\SourceDocument\GPTracingServer)
2020-03-25 15:34:52 -No active profile set, falling back to default profiles: default
2020-03-25 15:35:03 -Adding PropertySource 'applicationConfig: [classpath:/application.properties]' with search precedence immediately lower than 'applicationConfigurationProperties'
2020-03-25 15:35:03 -Removing PropertySource 'applicationConfigurationProperties'
2020-03-25 15:35:03 -Removing PropertySource 'defaultProperties'
2020-03-25 15:35:06 -Published root WebApplicationContext as ServletContext attribute with name [org.springframework.web.context.WebApplicationContext.ROOT]
2020-03-25 15:35:06 -Root WebApplicationContext: initialization completed in 13549 ms
2020-03-25 15:35:07 -Replacing PropertySource 'servletContextInitParams' with 'servletContextInitParams'
2020-03-25 15:35:10 -Looking for @ControllerAdvice: org.springframework.boot.context.embedded.AnnotationConfigEmbeddedWebApplicationContext@1a9c38eb: startup date [Wed Mar 25 15:34:53 CST 2020]; root of context hierarchy
2020-03-25 15:35:10 -Looking for request mappings in application context: org.springframework.boot.context.embedded.AnnotationConfigEmbeddedWebApplicationContext@1a9c38eb: startup date [Wed Mar 25 15:34:53 CST 2020]; root of context hierarchy
2020-03-25 15:35:10 -0 request handler methods found on class com.VlandServerApplication: {}
2020-03-25 15:35:10 -5 request handler methods found on class com.controller.LoginController: {public java.lang.String com.controller.LoginController.index(org.springframework.ui.Model)={[/login]}, public com.bean.Result com.controller.LoginController.validate(java.lang.String,java.lang.String,javax.servlet.http.HttpServletRequest,javax.servlet.http.HttpServletResponse)={[/login/validate]}, public java.lang.String com.controller.LoginController.logout(javax.servlet.http.HttpServletRequest,javax.servlet.http.HttpServletResponse)={[/login/logout]}, public java.lang.String com.controller.LoginController.validate2(com.bean.User,javax.servlet.http.HttpServletRequest,javax.servlet.http.HttpServletResponse,org.springframework.ui.Model)={[/login/validate2]}, public java.lang.String com.controller.LoginController.changeSessionLanauage(javax.servlet.http.HttpServletRequest,java.lang.String,java.lang.String)={[/login/changeSessionLanauage]}}
2020-03-25 15:35:10 -Mapped "{[/login]}" onto public java.lang.String com.controller.LoginController.index(org.springframework.ui.Model)
2020-03-25 15:35:10 -Mapped "{[/login/validate]}" onto public com.bean.Result<com.bean.User> com.controller.LoginController.validate(java.lang.String,java.lang.String,javax.servlet.http.HttpServletRequest,javax.servlet.http.HttpServletResponse)
2020-03-25 15:35:10 -Mapped "{[/login/logout]}" onto public java.lang.String com.controller.LoginController.logout(javax.servlet.http.HttpServletRequest,javax.servlet.http.HttpServletResponse)
2020-03-25 15:35:10 -Mapped "{[/login/validate2]}" onto public java.lang.String com.controller.LoginController.validate2(com.bean.User,javax.servlet.http.HttpServletRequest,javax.servlet.http.HttpServletResponse,org.springframework.ui.Model)
2020-03-25 15:35:10 -Mapped "{[/login/changeSessionLanauage]}" onto public java.lang.String com.controller.LoginController.changeSessionLanauage(javax.servlet.http.HttpServletRequest,java.lang.String,java.lang.String)
2020-03-25 15:35:10 -7 request handler methods found on class com.controller.UserController: {public java.lang.String com.controller.UserController.index(javax.servlet.http.HttpServletRequest,org.springframework.ui.Model)={[/user]}, public com.bean.Result com.controller.UserController.update(com.bean.User,javax.servlet.http.HttpServletRequest,org.springframework.ui.Model)={[/user/update]}, public com.bean.Result com.controller.UserController.delete(java.lang.String,javax.servlet.http.HttpServletRequest,org.springframework.ui.Model)={[/user/delete]}, public com.bean.Result com.controller.UserController.create(com.bean.User,javax.servlet.http.HttpServletRequest,org.springframework.ui.Model)={[/user/create]}, public com.bean.Result com.controller.UserController.deleteAll(com.bean.Param,javax.servlet.http.HttpServletRequest,org.springframework.ui.Model)={[/user/deleteAll]}, public com.bean.JqueryResult com.controller.UserController.getListData(int,int,com.bean.User,javax.servlet.http.HttpServletRequest,org.springframework.ui.Model)={[/user/getListDataPage]}, public com.bean.Result com.controller.UserController.getListData(com.bean.User,javax.servlet.http.HttpServletRequest,org.springframework.ui.Model)={[/user/getListData]}}
2020-03-25 15:35:10 -Mapped "{[/user]}" onto public java.lang.String com.controller.UserController.index(javax.servlet.http.HttpServletRequest,org.springframework.ui.Model)
2020-03-25 15:35:10 -Mapped "{[/user/update]}" onto public com.bean.Result<com.bean.User> com.controller.UserController.update(com.bean.User,javax.servlet.http.HttpServletRequest,org.springframework.ui.Model)
2020-03-25 15:35:10 -Mapped "{[/user/delete]}" onto public com.bean.Result<com.bean.User> com.controller.UserController.delete(java.lang.String,javax.servlet.http.HttpServletRequest,org.springframework.ui.Model)
2020-03-25 15:35:10 -Mapped "{[/user/create]}" onto public com.bean.Result<com.bean.User> com.controller.UserController.create(com.bean.User,javax.servlet.http.HttpServletRequest,org.springframework.ui.Model)
2020-03-25 15:35:10 -Mapped "{[/user/deleteAll]}" onto public com.bean.Result<com.bean.User> com.controller.UserController.deleteAll(com.bean.Param<java.util.List<java.lang.String>>,javax.servlet.http.HttpServletRequest,org.springframework.ui.Model)
2020-03-25 15:35:10 -Mapped "{[/user/getListDataPage]}" onto public com.bean.JqueryResult<com.bean.User> com.controller.UserController.getListData(int,int,com.bean.User,javax.servlet.http.HttpServletRequest,org.springframework.ui.Model)
2020-03-25 15:35:10 -Mapped "{[/user/getListData]}" onto public com.bean.Result<java.util.List<com.bean.User>> com.controller.UserController.getListData(com.bean.User,javax.servlet.http.HttpServletRequest,org.springframework.ui.Model)
2020-03-25 15:35:10 -2 request handler methods found on class org.springframework.boot.autoconfigure.web.BasicErrorController: {public org.springframework.http.ResponseEntity org.springframework.boot.autoconfigure.web.BasicErrorController.error(javax.servlet.http.HttpServletRequest)={[/error]}, public org.springframework.web.servlet.ModelAndView org.springframework.boot.autoconfigure.web.BasicErrorController.errorHtml(javax.servlet.http.HttpServletRequest,javax.servlet.http.HttpServletResponse)={[/error],produces=[text/html]}}
2020-03-25 15:35:10 -Mapped "{[/error]}" onto public org.springframework.http.ResponseEntity<java.util.Map<java.lang.String, java.lang.Object>> org.springframework.boot.autoconfigure.web.BasicErrorController.error(javax.servlet.http.HttpServletRequest)
2020-03-25 15:35:10 -Mapped "{[/error],produces=[text/html]}" onto public org.springframework.web.servlet.ModelAndView org.springframework.boot.autoconfigure.web.BasicErrorController.errorHtml(javax.servlet.http.HttpServletRequest,javax.servlet.http.HttpServletResponse)
2020-03-25 15:35:11 -Looking for URL mappings in application context: org.springframework.boot.context.embedded.AnnotationConfigEmbeddedWebApplicationContext@1a9c38eb: startup date [Wed Mar 25 15:34:53 CST 2020]; root of context hierarchy
2020-03-25 15:35:11 -Rejected bean name 'org.springframework.context.annotation.internalConfigurationAnnotationProcessor': no URL paths identified
2020-03-25 15:35:11 -Rejected bean name 'org.springframework.context.annotation.internalAutowiredAnnotationProcessor': no URL paths identified
2020-03-25 15:35:11 -Rejected bean name 'org.springframework.context.annotation.internalRequiredAnnotationProcessor': no URL paths identified
2020-03-25 15:35:11 -Rejected bean name 'org.springframework.context.annotation.internalCommonAnnotationProcessor': no URL paths identified
2020-03-25 15:35:11 -Rejected bean name 'org.springframework.context.event.internalEventListenerProcessor': no URL paths identified
2020-03-25 15:35:11 -Rejected bean name 'org.springframework.context.event.internalEventListenerFactory': no URL paths identified
2020-03-25 15:35:11 -Rejected bean name 'vlandServerApplication': no URL paths identified
2020-03-25 15:35:11 -Rejected bean name 'org.springframework.boot.autoconfigure.internalCachingMetadataReaderFactory': no URL paths identified
2020-03-25 15:35:11 -Rejected bean name 'loginController': no URL paths identified
2020-03-25 15:35:11 -Rejected bean name 'userController': no URL paths identified
2020-03-25 15:35:11 -Rejected bean name 'userServiceImpl': no URL paths identified
2020-03-25 15:35:11 -Rejected bean name 'myTask': no URL paths identified
2020-03-25 15:35:11 -Rejected bean name 'org.springframework.scheduling.annotation.SchedulingConfiguration': no URL paths identified
2020-03-25 15:35:11 -Rejected bean name 'org.springframework.context.annotation.internalScheduledAnnotationProcessor': no URL paths identified
2020-03-25 15:35:11 -Rejected bean name 'org.springframework.boot.autoconfigure.AutoConfigurationPackages': no URL paths identified
2020-03-25 15:35:11 -Rejected bean name 'userDao': no URL paths identified
2020-03-25 15:35:11 -Rejected bean name 'org.springframework.boot.autoconfigure.condition.BeanTypeRegistry': no URL paths identified
2020-03-25 15:35:11 -Rejected bean name 'org.springframework.boot.autoconfigure.context.MessageSourceAutoConfiguration': no URL paths identified
2020-03-25 15:35:11 -Rejected bean name 'messageSource': no URL paths identified
2020-03-25 15:35:11 -Rejected bean name 'org.springframework.boot.context.properties.ConfigurationPropertiesBindingPostProcessor': no URL paths identified
2020-03-25 15:35:11 -Rejected bean name 'org.springframework.boot.context.properties.ConfigurationPropertiesBindingPostProcessor.store': no URL paths identified
2020-03-25 15:35:11 -Rejected bean name 'org.springframework.boot.autoconfigure.context.PropertyPlaceholderAutoConfiguration': no URL paths identified
2020-03-25 15:35:11 -Rejected bean name 'propertySourcesPlaceholderConfigurer': no URL paths identified
2020-03-25 15:35:11 -Rejected bean name 'org.springframework.boot.autoconfigure.jackson.JacksonAutoConfiguration$Jackson2ObjectMapperBuilderCustomizerConfiguration': no URL paths identified
2020-03-25 15:35:11 -Rejected bean name 'standardJacksonObjectMapperBuilderCustomizer': no URL paths identified
2020-03-25 15:35:11 -Rejected bean name 'spring.jackson-org.springframework.boot.autoconfigure.jackson.JacksonProperties': no URL paths identified
2020-03-25 15:35:11 -Rejected bean name 'org.springframework.boot.autoconfigure.jackson.JacksonAutoConfiguration$JacksonObjectMapperBuilderConfiguration': no URL paths identified
2020-03-25 15:35:11 -Rejected bean name 'jacksonObjectMapperBuilder': no URL paths identified
2020-03-25 15:35:11 -Rejected bean name 'org.springframework.boot.autoconfigure.jackson.JacksonAutoConfiguration$JacksonObjectMapperConfiguration': no URL paths identified
2020-03-25 15:35:11 -Rejected bean name 'jacksonObjectMapper': no URL paths identified
2020-03-25 15:35:11 -Rejected bean name 'org.springframework.boot.autoconfigure.jackson.JacksonAutoConfiguration': no URL paths identified
2020-03-25 15:35:11 -Rejected bean name 'jsonComponentModule': no URL paths identified
2020-03-25 15:35:11 -Rejected bean name 'org.springframework.boot.autoconfigure.websocket.WebSocketAutoConfiguration$TomcatWebSocketConfiguration': no URL paths identified
2020-03-25 15:35:11 -Rejected bean name 'websocketContainerCustomizer': no URL paths identified
2020-03-25 15:35:11 -Rejected bean name 'org.springframework.boot.autoconfigure.websocket.WebSocketAutoConfiguration': no URL paths identified
2020-03-25 15:35:11 -Rejected bean name 'org.springframework.boot.autoconfigure.web.EmbeddedServletContainerAutoConfiguration$EmbeddedTomcat': no URL paths identified
2020-03-25 15:35:11 -Rejected bean name 'tomcatEmbeddedServletContainerFactory': no URL paths identified
2020-03-25 15:35:11 -Rejected bean name 'org.springframework.boot.autoconfigure.web.EmbeddedServletContainerAutoConfiguration': no URL paths identified
2020-03-25 15:35:11 -Rejected bean name 'embeddedServletContainerCustomizerBeanPostProcessor': no URL paths identified
2020-03-25 15:35:11 -Rejected bean name 'errorPageRegistrarBeanPostProcessor': no URL paths identified
2020-03-25 15:35:11 -Rejected bean name 'org.springframework.boot.autoconfigure.web.DispatcherServletAutoConfiguration$DispatcherServletConfiguration': no URL paths identified
2020-03-25 15:35:11 -Rejected bean name 'dispatcherServlet': no URL paths identified
2020-03-25 15:35:11 -Rejected bean name 'spring.mvc-org.springframework.boot.autoconfigure.web.WebMvcProperties': no URL paths identified
2020-03-25 15:35:11 -Rejected bean name 'org.springframework.boot.autoconfigure.web.DispatcherServletAutoConfiguration$DispatcherServletRegistrationConfiguration': no URL paths identified
2020-03-25 15:35:11 -Rejected bean name 'dispatcherServletRegistration': no URL paths identified
2020-03-25 15:35:11 -Rejected bean name 'org.springframework.boot.autoconfigure.web.DispatcherServletAutoConfiguration': no URL paths identified
2020-03-25 15:35:11 -Rejected bean name 'org.springframework.boot.autoconfigure.validation.ValidationAutoConfiguration': no URL paths identified
2020-03-25 15:35:11 -Rejected bean name 'defaultValidator': no URL paths identified
2020-03-25 15:35:11 -Rejected bean name 'methodValidationPostProcessor': no URL paths identified
2020-03-25 15:35:11 -Rejected bean name 'org.springframework.boot.autoconfigure.web.ErrorMvcAutoConfiguration$WhitelabelErrorViewConfiguration': no URL paths identified
2020-03-25 15:35:11 -Rejected bean name 'error': no URL paths identified
2020-03-25 15:35:11 -Rejected bean name 'beanNameViewResolver': no URL paths identified
2020-03-25 15:35:11 -Rejected bean name 'org.springframework.boot.autoconfigure.web.ErrorMvcAutoConfiguration$DefaultErrorViewResolverConfiguration': no URL paths identified
2020-03-25 15:35:11 -Rejected bean name 'conventionErrorViewResolver': no URL paths identified
2020-03-25 15:35:11 -Rejected bean name 'org.springframework.boot.autoconfigure.web.ErrorMvcAutoConfiguration': no URL paths identified
2020-03-25 15:35:11 -Rejected bean name 'errorAttributes': no URL paths identified
2020-03-25 15:35:11 -Rejected bean name 'basicErrorController': no URL paths identified
2020-03-25 15:35:11 -Rejected bean name 'errorPageCustomizer': no URL paths identified
2020-03-25 15:35:11 -Rejected bean name 'preserveErrorControllerTargetClassPostProcessor': no URL paths identified
2020-03-25 15:35:11 -Rejected bean name 'spring.resources-org.springframework.boot.autoconfigure.web.ResourceProperties': no URL paths identified
2020-03-25 15:35:11 -Rejected bean name 'org.springframework.boot.autoconfigure.web.WebMvcAutoConfiguration$EnableWebMvcConfiguration': no URL paths identified
2020-03-25 15:35:11 -Rejected bean name 'requestMappingHandlerAdapter': no URL paths identified
2020-03-25 15:35:11 -Rejected bean name 'requestMappingHandlerMapping': no URL paths identified
2020-03-25 15:35:11 -Rejected bean name 'mvcValidator': no URL paths identified
2020-03-25 15:35:11 -Rejected bean name 'mvcContentNegotiationManager': no URL paths identified
2020-03-25 15:35:11 -Rejected bean name 'mvcPathMatcher': no URL paths identified
2020-03-25 15:35:11 -Rejected bean name 'mvcUrlPathHelper': no URL paths identified
2020-03-25 15:35:11 -Rejected bean name 'viewControllerHandlerMapping': no URL paths identified
2020-03-25 15:35:11 -Rejected bean name 'beanNameHandlerMapping': no URL paths identified
2020-03-25 15:35:11 -Rejected bean name 'resourceHandlerMapping': no URL paths identified
2020-03-25 15:35:11 -Rejected bean name 'mvcResourceUrlProvider': no URL paths identified
2020-03-25 15:35:11 -Rejected bean name 'defaultServletHandlerMapping': no URL paths identified
2020-03-25 15:35:11 -Rejected bean name 'mvcConversionService': no URL paths identified
2020-03-25 15:35:11 -Rejected bean name 'mvcUriComponentsContributor': no URL paths identified
2020-03-25 15:35:11 -Rejected bean name 'httpRequestHandlerAdapter': no URL paths identified
2020-03-25 15:35:11 -Rejected bean name 'simpleControllerHandlerAdapter': no URL paths identified
2020-03-25 15:35:11 -Rejected bean name 'handlerExceptionResolver': no URL paths identified
2020-03-25 15:35:11 -Rejected bean name 'mvcViewResolver': no URL paths identified
2020-03-25 15:35:11 -Rejected bean name 'mvcHandlerMappingIntrospector': no URL paths identified
2020-03-25 15:35:11 -Rejected bean name 'org.springframework.boot.autoconfigure.web.WebMvcAutoConfiguration$WebMvcAutoConfigurationAdapter$FaviconConfiguration': no URL paths identified
2020-03-25 15:35:11 -Rejected bean name 'faviconHandlerMapping': no URL paths identified
2020-03-25 15:35:11 -Rejected bean name 'faviconRequestHandler': no URL paths identified
2020-03-25 15:35:11 -Rejected bean name 'org.springframework.boot.autoconfigure.web.WebMvcAutoConfiguration$WebMvcAutoConfigurationAdapter': no URL paths identified
2020-03-25 15:35:11 -Rejected bean name 'defaultViewResolver': no URL paths identified
2020-03-25 15:35:11 -Rejected bean name 'viewResolver': no URL paths identified
2020-03-25 15:35:11 -Rejected bean name 'welcomePageHandlerMapping': no URL paths identified
2020-03-25 15:35:11 -Rejected bean name 'requestContextFilter': no URL paths identified
2020-03-25 15:35:11 -Rejected bean name 'org.springframework.boot.autoconfigure.web.WebMvcAutoConfiguration': no URL paths identified
2020-03-25 15:35:11 -Rejected bean name 'hiddenHttpMethodFilter': no URL paths identified
2020-03-25 15:35:11 -Rejected bean name 'httpPutFormContentFilter': no URL paths identified
2020-03-25 15:35:11 -Rejected bean name 'org.springframework.boot.autoconfigure.jdbc.DataSourceConfiguration$Tomcat': no URL paths identified
2020-03-25 15:35:11 -Rejected bean name 'dataSource': no URL paths identified
2020-03-25 15:35:11 -Rejected bean name 'org.springframework.boot.autoconfigure.jdbc.DataSourceAutoConfiguration$PooledDataSourceConfiguration': no URL paths identified
2020-03-25 15:35:11 -Rejected bean name 'org.springframework.boot.autoconfigure.jdbc.metadata.DataSourcePoolMetadataProvidersConfiguration$TomcatDataSourcePoolMetadataProviderConfiguration': no URL paths identified
2020-03-25 15:35:11 -Rejected bean name 'tomcatPoolDataSourceMetadataProvider': no URL paths identified
2020-03-25 15:35:11 -Rejected bean name 'org.springframework.boot.autoconfigure.jdbc.metadata.DataSourcePoolMetadataProvidersConfiguration': no URL paths identified
2020-03-25 15:35:11 -Rejected bean name 'org.springframework.boot.autoconfigure.jdbc.DataSourceAutoConfiguration': no URL paths identified
2020-03-25 15:35:11 -Rejected bean name 'dataSourceInitializer': no URL paths identified
2020-03-25 15:35:11 -Rejected bean name 'spring.datasource-org.springframework.boot.autoconfigure.jdbc.DataSourceProperties': no URL paths identified
2020-03-25 15:35:11 -Rejected bean name 'dataSourceInitializerPostProcessor': no URL paths identified
2020-03-25 15:35:11 -Rejected bean name 'org.mybatis.spring.boot.autoconfigure.MybatisAutoConfiguration': no URL paths identified
2020-03-25 15:35:11 -Rejected bean name 'sqlSessionFactory': no URL paths identified
2020-03-25 15:35:11 -Rejected bean name 'sqlSessionTemplate': no URL paths identified
2020-03-25 15:35:11 -Rejected bean name 'mybatis-org.mybatis.spring.boot.autoconfigure.MybatisProperties': no URL paths identified
2020-03-25 15:35:11 -Rejected bean name 'org.springframework.boot.autoconfigure.jmx.JmxAutoConfiguration': no URL paths identified
2020-03-25 15:35:11 -Rejected bean name 'mbeanExporter': no URL paths identified
2020-03-25 15:35:11 -Rejected bean name 'objectNamingStrategy': no URL paths identified
2020-03-25 15:35:11 -Rejected bean name 'mbeanServer': no URL paths identified
2020-03-25 15:35:11 -Rejected bean name 'org.springframework.boot.autoconfigure.admin.SpringApplicationAdminJmxAutoConfiguration': no URL paths identified
2020-03-25 15:35:11 -Rejected bean name 'springApplicationAdminRegistrar': no URL paths identified
2020-03-25 15:35:11 -Rejected bean name 'org.springframework.boot.autoconfigure.context.ConfigurationPropertiesAutoConfiguration': no URL paths identified
2020-03-25 15:35:11 -Rejected bean name 'org.springframework.boot.autoconfigure.dao.PersistenceExceptionTranslationAutoConfiguration': no URL paths identified
2020-03-25 15:35:11 -Rejected bean name 'persistenceExceptionTranslationPostProcessor': no URL paths identified
2020-03-25 15:35:11 -Rejected bean name 'org.springframework.boot.autoconfigure.gson.GsonAutoConfiguration': no URL paths identified
2020-03-25 15:35:11 -Rejected bean name 'gson': no URL paths identified
2020-03-25 15:35:11 -Rejected bean name 'org.springframework.boot.autoconfigure.web.HttpMessageConvertersAutoConfiguration$StringHttpMessageConverterConfiguration': no URL paths identified
2020-03-25 15:35:11 -Rejected bean name 'stringHttpMessageConverter': no URL paths identified
2020-03-25 15:35:11 -Rejected bean name 'spring.http.encoding-org.springframework.boot.autoconfigure.web.HttpEncodingProperties': no URL paths identified
2020-03-25 15:35:11 -Rejected bean name 'org.springframework.boot.autoconfigure.web.JacksonHttpMessageConvertersConfiguration$MappingJackson2HttpMessageConverterConfiguration': no URL paths identified
2020-03-25 15:35:11 -Rejected bean name 'mappingJackson2HttpMessageConverter': no URL paths identified
2020-03-25 15:35:11 -Rejected bean name 'org.springframework.boot.autoconfigure.web.JacksonHttpMessageConvertersConfiguration': no URL paths identified
2020-03-25 15:35:11 -Rejected bean name 'org.springframework.boot.autoconfigure.web.GsonHttpMessageConvertersConfiguration': no URL paths identified
2020-03-25 15:35:11 -Rejected bean name 'org.springframework.boot.autoconfigure.web.HttpMessageConvertersAutoConfiguration': no URL paths identified
2020-03-25 15:35:11 -Rejected bean name 'messageConverters': no URL paths identified
2020-03-25 15:35:11 -Rejected bean name 'org.springframework.boot.autoconfigure.info.ProjectInfoAutoConfiguration': no URL paths identified
2020-03-25 15:35:11 -Rejected bean name 'spring.info-org.springframework.boot.autoconfigure.info.ProjectInfoProperties': no URL paths identified
2020-03-25 15:35:11 -Rejected bean name 'org.springframework.boot.autoconfigure.jdbc.DataSourceTransactionManagerAutoConfiguration$DataSourceTransactionManagerConfiguration': no URL paths identified
2020-03-25 15:35:11 -Rejected bean name 'transactionManager': no URL paths identified
2020-03-25 15:35:11 -Rejected bean name 'org.springframework.boot.autoconfigure.jdbc.DataSourceTransactionManagerAutoConfiguration': no URL paths identified
2020-03-25 15:35:11 -Rejected bean name 'org.springframework.boot.autoconfigure.jdbc.JdbcTemplateAutoConfiguration': no URL paths identified
2020-03-25 15:35:11 -Rejected bean name 'jdbcTemplate': no URL paths identified
2020-03-25 15:35:11 -Rejected bean name 'namedParameterJdbcTemplate': no URL paths identified
2020-03-25 15:35:11 -Rejected bean name 'org.springframework.transaction.annotation.ProxyTransactionManagementConfiguration': no URL paths identified
2020-03-25 15:35:11 -Rejected bean name 'org.springframework.transaction.config.internalTransactionAdvisor': no URL paths identified
2020-03-25 15:35:11 -Rejected bean name 'transactionAttributeSource': no URL paths identified
2020-03-25 15:35:11 -Rejected bean name 'transactionInterceptor': no URL paths identified
2020-03-25 15:35:11 -Rejected bean name 'org.springframework.transaction.config.internalTransactionalEventListenerFactory': no URL paths identified
2020-03-25 15:35:11 -Rejected bean name 'org.springframework.boot.autoconfigure.transaction.TransactionAutoConfiguration$EnableTransactionManagementConfiguration$CglibAutoProxyConfiguration': no URL paths identified
2020-03-25 15:35:11 -Rejected bean name 'org.springframework.aop.config.internalAutoProxyCreator': no URL paths identified
2020-03-25 15:35:11 -Rejected bean name 'org.springframework.boot.autoconfigure.transaction.TransactionAutoConfiguration$EnableTransactionManagementConfiguration': no URL paths identified
2020-03-25 15:35:11 -Rejected bean name 'org.springframework.boot.autoconfigure.transaction.TransactionAutoConfiguration$TransactionTemplateConfiguration': no URL paths identified
2020-03-25 15:35:11 -Rejected bean name 'transactionTemplate': no URL paths identified
2020-03-25 15:35:11 -Rejected bean name 'org.springframework.boot.autoconfigure.transaction.TransactionAutoConfiguration': no URL paths identified
2020-03-25 15:35:11 -Rejected bean name 'platformTransactionManagerCustomizers': no URL paths identified
2020-03-25 15:35:11 -Rejected bean name 'spring.transaction-org.springframework.boot.autoconfigure.transaction.TransactionProperties': no URL paths identified
2020-03-25 15:35:11 -Rejected bean name 'org.springframework.boot.autoconfigure.thymeleaf.ThymeleafAutoConfiguration$ThymeleafResourceHandlingConfig': no URL paths identified
2020-03-25 15:35:11 -Rejected bean name 'org.springframework.boot.autoconfigure.thymeleaf.ThymeleafAutoConfiguration$ThymeleafWebLayoutConfiguration': no URL paths identified
2020-03-25 15:35:11 -Rejected bean name 'layoutDialect': no URL paths identified
2020-03-25 15:35:11 -Rejected bean name 'org.springframework.boot.autoconfigure.thymeleaf.ThymeleafAutoConfiguration$ThymeleafDefaultConfiguration': no URL paths identified
2020-03-25 15:35:11 -Rejected bean name 'templateEngine': no URL paths identified
2020-03-25 15:35:11 -Rejected bean name 'org.springframework.boot.autoconfigure.thymeleaf.ThymeleafAutoConfiguration$Thymeleaf2Configuration$Thymeleaf2ViewResolverConfiguration': no URL paths identified
2020-03-25 15:35:11 -Rejected bean name 'thymeleafViewResolver': no URL paths identified
2020-03-25 15:35:11 -Rejected bean name 'org.springframework.boot.autoconfigure.thymeleaf.ThymeleafAutoConfiguration$Thymeleaf2Configuration$DefaultTemplateResolverConfiguration': no URL paths identified
2020-03-25 15:35:11 -Rejected bean name 'thymeleafResourceResolver': no URL paths identified
2020-03-25 15:35:11 -Rejected bean name 'defaultTemplateResolver': no URL paths identified
2020-03-25 15:35:11 -Rejected bean name 'org.springframework.boot.autoconfigure.thymeleaf.ThymeleafAutoConfiguration$Thymeleaf2Configuration': no URL paths identified
2020-03-25 15:35:11 -Rejected bean name 'org.springframework.boot.autoconfigure.thymeleaf.ThymeleafAutoConfiguration': no URL paths identified
2020-03-25 15:35:11 -Rejected bean name 'spring.thymeleaf-org.springframework.boot.autoconfigure.thymeleaf.ThymeleafProperties': no URL paths identified
2020-03-25 15:35:11 -Rejected bean name 'org.springframework.boot.autoconfigure.web.HttpEncodingAutoConfiguration': no URL paths identified
2020-03-25 15:35:11 -Rejected bean name 'characterEncodingFilter': no URL paths identified
2020-03-25 15:35:11 -Rejected bean name 'localeCharsetMappingsCustomizer': no URL paths identified
2020-03-25 15:35:11 -Rejected bean name 'org.springframework.boot.autoconfigure.web.MultipartAutoConfiguration': no URL paths identified
2020-03-25 15:35:11 -Rejected bean name 'multipartConfigElement': no URL paths identified
2020-03-25 15:35:11 -Rejected bean name 'multipartResolver': no URL paths identified
2020-03-25 15:35:11 -Rejected bean name 'spring.http.multipart-org.springframework.boot.autoconfigure.web.MultipartProperties': no URL paths identified
2020-03-25 15:35:11 -Rejected bean name 'org.springframework.boot.autoconfigure.web.ServerPropertiesAutoConfiguration': no URL paths identified
2020-03-25 15:35:11 -Rejected bean name 'serverProperties': no URL paths identified
2020-03-25 15:35:11 -Rejected bean name 'duplicateServerPropertiesDetector': no URL paths identified
2020-03-25 15:35:11 -Rejected bean name 'org.springframework.boot.autoconfigure.web.WebClientAutoConfiguration$RestTemplateConfiguration': no URL paths identified
2020-03-25 15:35:11 -Rejected bean name 'restTemplateBuilder': no URL paths identified
2020-03-25 15:35:11 -Rejected bean name 'org.springframework.boot.autoconfigure.web.WebClientAutoConfiguration': no URL paths identified
2020-03-25 15:35:11 -Rejected bean name 'autoConfigurationReport': no URL paths identified
2020-03-25 15:35:11 -Rejected bean name 'springApplicationArguments': no URL paths identified
2020-03-25 15:35:11 -Rejected bean name 'springBootBanner': no URL paths identified
2020-03-25 15:35:11 -Rejected bean name 'springBootLoggingSystem': no URL paths identified
2020-03-25 15:35:11 -Rejected bean name 'environment': no URL paths identified
2020-03-25 15:35:11 -Rejected bean name 'systemProperties': no URL paths identified
2020-03-25 15:35:11 -Rejected bean name 'systemEnvironment': no URL paths identified
2020-03-25 15:35:11 -Rejected bean name 'org.springframework.context.annotation.ConfigurationClassPostProcessor.importRegistry': no URL paths identified
2020-03-25 15:35:11 -Rejected bean name 'applicationEventMulticaster': no URL paths identified
2020-03-25 15:35:11 -Rejected bean name 'servletContext': no URL paths identified
2020-03-25 15:35:11 -Rejected bean name 'contextParameters': no URL paths identified
2020-03-25 15:35:11 -Rejected bean name 'contextAttributes': no URL paths identified
2020-03-25 15:35:11 -Mapped URL path [/webjars/**] onto handler of type [class org.springframework.web.servlet.resource.ResourceHttpRequestHandler]
2020-03-25 15:35:11 -Mapped URL path [/**] onto handler of type [class org.springframework.web.servlet.resource.ResourceHttpRequestHandler]
2020-03-25 15:35:11 -Looking for exception mappings: org.springframework.boot.context.embedded.AnnotationConfigEmbeddedWebApplicationContext@1a9c38eb: startup date [Wed Mar 25 15:34:53 CST 2020]; root of context hierarchy
2020-03-25 15:35:11 -Mapped URL path [/**/favicon.ico] onto handler of type [class org.springframework.web.servlet.resource.ResourceHttpRequestHandler]
2020-03-25 15:35:14 -Looking for resource handler mappings
2020-03-25 15:35:14 -Found resource handler mapping: URL pattern="/**/favicon.ico", locations=[ServletContext resource [/], class path resource [META-INF/resources/], class path resource [resources/], class path resource [static/], class path resource [public/], class path resource []], resolvers=[org.springframework.web.servlet.resource.PathResourceResolver@16eca98a]
2020-03-25 15:35:14 -Found resource handler mapping: URL pattern="/webjars/**", locations=[class path resource [META-INF/resources/webjars/]], resolvers=[org.springframework.web.servlet.resource.PathResourceResolver@119f035f]
2020-03-25 15:35:14 -Found resource handler mapping: URL pattern="/**", locations=[ServletContext resource [/], class path resource [META-INF/resources/], class path resource [resources/], class path resource [static/], class path resource [public/]], resolvers=[org.springframework.web.servlet.resource.PathResourceResolver@480f1311]
2020-03-25 15:35:14 -Adding PropertySource 'server.ports' with highest search precedence
2020-03-25 15:35:14 -Started VlandServerApplication in 24.321 seconds (JVM running for 31.394)
